46 908.9 1.731e-16
51 903.8 9.731e-16
56 898.8 1.741e-15
61 893.8 2.468e-15
66 888.7 3.163e-15
71 883.7 3.828e-15
76 878.7 4.446e-15
81 873.6 5.047e-15
86 868.6 5.608e-15
91 863.6 6.107e-15
96 858.5 6.604e-15
101 853.5 7.054e-15
106 848.4 7.441e-15
111 843.4 7.825e-15
116 838.4 8.149e-15
121 833.3 8.452e-15
126 828.3 8.707e-15
131 823.2 8.93e-15
136 818.2 9.113e-15
141 813.2 9.238e-15
146 808.1 9.376e-15
151 803.1 9.436e-15
156 798 9.482e-15
161 793 9.463e-15
166 787.9 9.45e-15
171 782.9 9.383e-15
176 777.9 9.253e-15
181 772.8 9.135e-15
186 767.8 8.966e-15
191 762.7 8.756e-15
196 757.7 8.486e-15
201 752.6 8.232e-15
206 747.6 7.917e-15
211 742.5 7.57e-15
216 737.5 7.191e-15
221 732.4 6.806e-15
226 727.4 6.397e-15
231 722.3 5.912e-15
236 717.3 5.433e-15
241 712.2 4.919e-15
246 707.2 4.381e-15
251 702.1 3.806e-15
256 697 3.207e-15
261 692 2.591e-15
266 686.9 1.955e-15
271 681.9 1.282e-15
276 676.8 6.037e-16
