0.6006 115 110.7 33.12 0.006074
0.6006 125 121.3 59.67 0.02133
0.6006 135 131.3 77.97 0.04111
0.6006 145 141.1 93.47 0.06642
0.6006 155 150.7 107.5 0.09791
0.6006 165 160.2 120.5 0.1361
0.6006 175 169.7 132.8 0.1815
0.6006 185 179.2 144.7 0.2431
0.6006 195 188.5 156.2 0.3159
0.6006 205 197.9 167.3 0.4006
0.6006 215 207.2 178.2 0.498
0.6006 225 216.4 188.9 0.6088
0.6006 235 225.6 199.4 0.7533
0.6006 245 234.8 209.7 0.917
0.6006 255 244 219.9 1.101
0.6006 265 253.1 229.9 1.306
0.6006 275 262.1 239.9 1.532
0.6006 285 271.2 249.7 1.808
0.6006 295 280.2 259.5 2.111
0.6006 305 289.1 269.1 2.443
0.6006 315 298.1 278.7 2.805
0.6006 325 307 288.2 3.197
0.6006 335 315.9 297.7 3.637
0.6006 345 324.7 307 4.11
0.6006 355 333.5 316.3 4.619
0.6006 365 342.3 325.6 5.163
0.6006 375 351 334.8 5.743
0.6006 385 359.7 343.9 6.406
0.6006 395 368.4 353 7.111
0.6006 405 377.1 362 7.859
0.6006 415 385.7 371 8.65
0.6006 425 394.3 379.9 9.485
0.6006 435 402.9 388.8 10.37
0.6006 445 411.4 397.6 11.31
0.6006 455 419.9 406.4 12.29
0.6006 465 428.4 415.2 13.32
0.6006 475 436.8 423.9 14.39
0.6006 485 445.2 432.5 15.35
0.6006 495 453.6 441.2 16.33
0.6006 505 462 449.8 17.36
0.6006 515 470.3 458.3 18.41
0.6006 525 478.6 466.8 19.5
0.6006 535 486.9 475.3 20.23
0.6006 545 495.2 483.7 20.97
0.6006 555 503.4 492.2 21.71
0.6006 565 511.6 500.5 22.46
0.6006 575 519.7 508.9 23.21
0.6006 585 527.9 517.2 23.57
0.6006 595 536 525.4 23.91
0.6006 605 544 533.7 24.24
0.6006 615 552.1 541.9 24.54
0.6006 625 560.1 550.1 24.83
0.6006 635 568.1 558.2 24.96
0.6006 645 576.1 566.3 25.07
0.6006 655 584 574.4 25.15
0.6006 665 592 582.5 25.21
0.6006 675 599.9 590.5 25.23
0.6006 685 607.7 598.5 25.02
0.6006 695 615.6 606.4 24.77
0.6006 705 623.4 614.4 24.48
0.6006 715 631.2 622.3 24.16
0.6006 725 638.9 630.1 23.8
0.6006 735 646.7 638 23.24
0.6006 745 654.4 645.8 22.65
0.6006 755 662.1 653.6 22.01
0.6006 765 669.7 661.4 21.33
0.6006 775 677.4 669.1 20.62
0.6006 785 685 676.8 19.88
0.6006 795 692.6 684.5 19.12
0.6006 805 700.2 692.1 18.31
0.6006 815 707.7 699.8 17.47
0.6006 825 715.2 707.4 16.59
0.6006 835 722.7 714.9 15.91
0.6006 845 730.2 722.5 15.2
0.6006 855 737.6 730 14.47
0.6006 865 745 737.5 13.71
0.6006 875 752.4 745 12.92
0.6006 885 759.8 752.4 12.34
0.6006 895 767.1 759.8 11.75
0.6006 905 774.5 767.2 11.13
0.6006 915 781.8 774.6 10.5
0.6006 925 789 781.9 9.848
0.6006 935 796.3 789.3 9.494
0.6006 945 803.5 796.5 9.129
0.6006 955 810.7 803.8 8.753
0.6006 965 817.9 811.1 8.369
0.6006 975 825.1 818.3 7.974
0.6006 985 832.2 825.5 7.683
0.6006 995 839.3 832.7 7.384
0.6006 1005 846.4 839.8 7.078
0.6006 1015 853.5 846.9 6.766
0.6006 1025 860.6 854.1 6.448
0.6006 1035 867.6 861.1 6.244
0.6006 1045 874.6 868.2 6.036
0.6006 1055 881.6 875.2 5.824
0.6006 1065 888.5 882.2 5.608
0.6006 1075 895.5 889.2 5.388
0.6006 1085 902.4 896.2 5.227
0.6006 1095 909.3 903.1 5.063
0.6006 1105 916.2 910.1 4.896
0.6006 1115 923 917 4.726
0.6006 1125 929.9 923.9 4.554
0.6006 1135 936.7 930.7 4.443
0.6006 1145 943.5 937.6 4.33
0.6006 1155 950.3 944.4 4.215
0.6006 1165 957 951.2 4.099
0.6006 1175 963.7 957.9 3.981
0.6006 1185 970.5 964.7 3.886
0.6006 1195 977.1 971.4 3.789
0.6006 1205 983.8 978.1 3.69
0.6006 1215 990.5 984.8 3.591
0.6006 1225 997.1 991.5 3.49
0.6006 1235 1004 998.1 3.419
0.6006 1245 1010 1005 3.346
0.6006 1255 1017 1011 3.272
0.6006 1265 1023 1018 3.198
0.6006 1275 1030 1025 3.123
0.6006 1285 1036 1031 3.043
0.6006 1295 1043 1038 2.963
0.6006 1305 1049 1044 2.883
0.6006 1315 1056 1051 2.801
0.6006 1325 1062 1057 2.72
0.6006 1335 1069 1063 2.683
0.6006 1345 1075 1070 2.645
0.6006 1355 1081 1076 2.607
0.6006 1365 1088 1083 2.569
0.6006 1375 1094 1089 2.531
0.6006 1385 1100 1095 2.478
0.6006 1395 1107 1102 2.426
0.6006 1405 1113 1108 2.373
0.6006 1415 1119 1114 2.32
0.6006 1425 1126 1121 2.267
0.6006 1435 1132 1127 2.232
0.6006 1445 1138 1133 2.197
0.6006 1455 1144 1139 2.162
0.6006 1465 1150 1145 2.126
0.6006 1475 1157 1152 2.091
0.6006 1485 1163 1158 2.032
0.6006 1495 1169 1164 1.974
0.6006 1505 1175 1170 1.915
0.6006 1515 1181 1176 1.857
0.6006 1525 1187 1182 1.798
0.6006 1535 1193 1188 1.776
0.6006 1545 1199 1194 1.753
0.6006 1555 1205 1200 1.731
0.6006 1565 1211 1206 1.708
0.6006 1575 1217 1212 1.686
0.6006 1585 1223 1218 1.644
0.6006 1595 1229 1224 1.602
0.6006 1605 1235 1230 1.56
0.6006 1615 1241 1236 1.518
0.6006 1625 1247 1242 1.476
0.6006 1635 1253 1248 1.455
0.6006 1645 1258 1254 1.433
0.6006 1655 1264 1260 1.411
0.6006 1665 1270 1266 1.39
0.6006 1675 1276 1272 1.368
0.6006 1685 1282 1277 1.341
0.6006 1695 1287 1283 1.314
0.6006 1705 1293 1289 1.286
0.6006 1715 1299 1295 1.259
0.6006 1725 1305 1300 1.233
0.6006 1735 1310 1306 1.214
0.6006 1745 1316 1312 1.196
0.6006 1755 1322 1318 1.178
0.6006 1765 1327 1323 1.159
0.6006 1775 1333 1329 1.141
0.6006 1785 1339 1335 1.127
0.6006 1795 1344 1340 1.113
0.6006 1805 1350 1346 1.098
0.6006 1815 1356 1351 1.084
0.6006 1825 1361 1357 1.07
0.6006 1835 1367 1363 1.053
0.6006 1845 1372 1368 1.037
0.6006 1855 1378 1374 1.02
0.6006 1865 1383 1379 1.004
0.6006 1875 1389 1385 0.9875
0.6006 1885 1394 1390 0.9645
0.6006 1895 1400 1396 0.9417
0.6006 1905 1405 1401 0.9191
0.6006 1915 1410 1407 0.8967
0.6006 1925 1416 1412 0.8745
0.6006 1935 1421 1417 0.8671
0.6006 1945 1427 1423 0.8597
0.6006 1955 1432 1428 0.8523
0.6006 1965 1437 1434 0.8449
0.6006 1975 1443 1439 0.8375
0.6006 1985 1448 1444 0.8179
0.6006 1995 1453 1450 0.7984
0.6006 2005 1459 1455 0.779
0.6006 2015 1464 1460 0.7599
0.6006 2025 1469 1465 0.7409
0.6006 2035 1475 1471 0.7279
0.6006 2045 1480 1476 0.715
0.6006 2055 1485 1481 0.7022
0.6006 2065 1490 1486 0.6895
0.6006 2075 1495 1492 0.6769
0.6006 2085 1501 1497 0.6778
0.6006 2095 1506 1502 0.6785
0.6006 2105 1511 1507 0.6793
0.6006 2115 1516 1512 0.68
0.6006 2125 1521 1518 0.6806
0.6006 2135 1526 1523 0.6624
0.6006 2145 1531 1528 0.6444
0.6006 2155 1536 1533 0.6266
0.6006 2165 1542 1538 0.6091
0.6006 2175 1547 1543 0.5917
0.6006 2185 1552 1548 0.5801
0.6006 2195 1557 1553 0.5686
0.6006 2205 1562 1558 0.5573
0.6006 2215 1567 1563 0.546
0.6006 2225 1572 1568 0.5349
0.6006 2235 1577 1573 0.5235
0.6006 2245 1582 1578 0.5122
0.6006 2255 1587 1583 0.5011
0.6006 2265 1592 1588 0.49
0.6006 2275 1597 1593 0.4791
0.6006 2285 1601 1598 0.4732
0.6006 2295 1606 1603 0.4673
0.6006 2305 1611 1608 0.4615
0.6006 2315 1616 1613 0.4557
0.6006 2325 1621 1618 0.45
0.6006 2335 1626 1622 0.4447
0.6006 2345 1631 1627 0.4394
0.6006 2355 1636 1632 0.4342
0.6006 2365 1640 1637 0.4291
0.6006 2375 1645 1642 0.4239
0.6006 2385 1650 1647 0.4189
0.6006 2395 1655 1651 0.4138
0.6006 2405 1659 1656 0.4088
0.6006 2415 1664 1661 0.4039
0.6006 2425 1669 1666 0.399
0.6006 2435 1674 1670 0.3958
0.6006 2445 1678 1675 0.3927
0.6006 2455 1683 1680 0.3896
0.6006 2465 1688 1684 0.3865
0.6006 2475 1692 1689 0.3834
0.6006 2485 1697 1694 0.3705
0.6006 2495 1702 1699 0.3578
0.6006 2505 1706 1703 0.3453
0.6006 2515 1711 1708 0.3329
0.6006 2525 1716 1712 0.3207
0.6006 2535 1720 1717 0.3187
0.6006 2545 1725 1722 0.3167
0.6006 2555 1730 1726 0.3147
0.6006 2565 1734 1731 0.3128
0.6006 2575 1739 1735 0.3108
0.6006 2585 1743 1740 0.3101
0.6006 2595 1748 1745 0.3094
0.6006 2605 1752 1749 0.3086
0.6006 2615 1757 1754 0.3079
0.6006 2625 1761 1758 0.3071
0.6006 2635 1766 1763 0.3055
0.6006 2645 1770 1767 0.3039
0.6006 2655 1775 1772 0.3023
0.6006 2665 1779 1776 0.3006
0.6006 2675 1784 1781 0.299
0.6006 2685 1788 1785 0.2918
0.6006 2695 1793 1789 0.2846
0.6006 2705 1797 1794 0.2775
0.6006 2715 1801 1798 0.2705
0.6006 2725 1806 1803 0.2636
0.6006 2735 1810 1807 0.2598
0.6006 2745 1815 1811 0.256
0.6006 2755 1819 1816 0.2523
0.6006 2765 1823 1820 0.2486
0.6006 2775 1828 1825 0.2449
0.6006 2785 1832 1829 0.24
0.6006 2795 1836 1833 0.2351
0.6006 2805 1841 1838 0.2303
0.6006 2815 1845 1842 0.2255
0.6006 2825 1849 1846 0.2208
0.6006 2835 1853 1850 0.2189
0.6006 2845 1858 1855 0.2171
0.6006 2855 1862 1859 0.2153
0.6006 2865 1866 1863 0.2134
0.6006 2875 1870 1867 0.2116
0.6006 2885 1875 1872 0.2089
0.6006 2895 1879 1876 0.2061
0.6006 2905 1883 1880 0.2034
0.6006 2915 1887 1884 0.2008
0.6006 2925 1891 1889 0.1981
0.6006 2935 1896 1893 0.1976
0.6006 2945 1900 1897 0.1971
0.6006 2955 1904 1901 0.1966
0.6006 2965 1908 1905 0.1961
0.6006 2975 1912 1909 0.1956
0.6006 2985 1916 1913 0.1955
0.6006 2995 1920 1918 0.1955
0.6006 3005 1925 1922 0.1954
0.6006 3015 1929 1926 0.1953
0.6006 3025 1933 1930 0.1952
0.6006 3035 1937 1934 0.1916
0.6006 3045 1941 1938 0.188
0.6006 3055 1945 1942 0.1845
0.6006 3065 1949 1946 0.1811
0.6006 3075 1953 1950 0.1776
0.6006 3085 1957 1954 0.1757
0.6006 3095 1961 1958 0.1738
0.6006 3105 1965 1962 0.1719
0.6006 3115 1969 1966 0.1701
0.6006 3125 1973 1970 0.1682
0.6006 3135 1977 1974 0.1631
0.6006 3145 1981 1978 0.1581
0.6006 3155 1985 1982 0.1532
0.6006 3165 1989 1986 0.1483
0.6006 3175 1993 1990 0.1434
0.6006 3185 1997 1994 0.1436
0.6006 3195 2001 1998 0.1437
0.6006 3205 2005 2002 0.1439
0.6006 3215 2009 2006 0.144
0.6006 3225 2013 2010 0.1441
0.6006 3235 2016 2014 0.1434
0.6006 3245 2020 2018 0.1428
0.6006 3255 2024 2021 0.1422
0.6006 3265 2028 2025 0.1415
0.6006 3275 2032 2029 0.1409
0.6006 3285 2036 2033 0.1406
0.6006 3295 2040 2037 0.1403
0.6006 3305 2043 2041 0.14
0.6006 3315 2047 2044 0.1398
0.6006 3325 2051 2048 0.1395
0.6006 3335 2055 2052 0.1358
0.6006 3345 2059 2056 0.1322
0.6006 3355 2062 2060 0.1287
0.6006 3365 2066 2063 0.1252
0.6006 3375 2070 2067 0.1217
0.6006 3385 2074 2071 0.1211
0.6006 3395 2077 2075 0.1204
0.6006 3405 2081 2079 0.1197
0.6006 3415 2085 2082 0.119
0.6006 3425 2089 2086 0.1183
0.6006 3435 2092 2090 0.1165
0.6006 3445 2096 2093 0.1147
0.6006 3455 2100 2097 0.1129
0.6006 3465 2103 2101 0.1112
0.6006 3475 2107 2104 0.1095
0.6006 3485 2111 2108 0.1101
0.6006 3495 2114 2112 0.1108
0.6006 3505 2118 2116 0.1114
0.6006 3515 2122 2119 0.112
0.6006 3525 2125 2123 0.1126
0.6006 3535 2129 2126 0.1103
0.6006 3545 2133 2130 0.108
0.6006 3555 2136 2134 0.1058
0.6006 3565 2140 2137 0.1035
0.6006 3575 2144 2141 0.1013
0.6006 3585 2147 2144 0.1
0.6006 3595 2151 2148 0.09875
0.6006 3605 2154 2152 0.09748
0.6006 3615 2158 2155 0.09623
0.6006 3625 2161 2159 0.09499
0.6006 3635 2165 2162 0.09476
0.6006 3645 2168 2166 0.09454
0.6006 3655 2172 2169 0.09431
0.6006 3665 2176 2173 0.09409
0.6006 3675 2179 2176 0.09386
0.6006 3685 2183 2180 0.09253
0.6006 3695 2186 2184 0.09121
0.6006 3705 2190 2187 0.0899
0.6006 3715 2193 2191 0.08862
0.6006 3725 2197 2194 0.08734
0.6006 3735 2200 2197 0.08608
0.6006 3745 2203 2201 0.08483
0.6006 3755 2207 2204 0.0836
0.6006 3765 2210 2208 0.08238
0.6006 3775 2214 2211 0.08117
0.6006 3785 2217 2215 0.08127
0.6006 3795 2221 2218 0.08136
0.6006 3805 2224 2222 0.08145
0.6006 3815 2228 2225 0.08153
0.6006 3825 2231 2228 0.08161
0.6006 3835 2234 2232 0.08069
0.6006 3845 2238 2235 0.07978
0.6006 3855 2241 2239 0.07887
0.6006 3865 2244 2242 0.07798
0.6006 3875 2248 2245 0.07709
0.6006 3885 2251 2249 0.07573
0.6006 3895 2255 2252 0.07439
0.6006 3905 2258 2255 0.07306
0.6006 3915 2261 2259 0.07175
0.6006 3925 2265 2262 0.07045
0.6006 3935 2268 2265 0.07022
0.6006 3945 2271 2269 0.06999
0.6006 3955 2275 2272 0.06975
0.6006 3965 2278 2275 0.06952
0.6006 3975 2281 2279 0.06929
0.6006 3985 2284 2282 0.06816
0.6006 3995 2288 2285 0.06704
0.6006 4005 2291 2289 0.06593
0.6006 4015 2294 2292 0.06483
0.6006 4025 2298 2295 0.06375
0.6006 4035 2301 2298 0.06355
0.6006 4045 2304 2302 0.06335
0.6006 4055 2307 2305 0.06315
0.6006 4065 2311 2308 0.06296
0.6006 4075 2314 2311 0.06276
0.6006 4085 2317 2315 0.06182
0.6006 4095 2320 2318 0.0609
0.6006 4105 2323 2321 0.05998
0.6006 4115 2327 2324 0.05907
0.6006 4125 2330 2327 0.05818
0.6006 4135 2333 2331 0.0575
0.6006 4145 2336 2334 0.05682
0.6006 4155 2339 2337 0.05615
0.6006 4165 2343 2340 0.05549
0.6006 4175 2346 2343 0.05484
0.6006 4185 2349 2346 0.05419
0.6006 4195 2352 2350 0.05355
0.6006 4205 2355 2353 0.05291
0.6006 4215 2358 2356 0.05228
0.6006 4225 2361 2359 0.05166
0.6006 4235 2364 2362 0.05152
0.6006 4245 2368 2365 0.05139
0.6006 4255 2371 2368 0.05125
0.6006 4265 2374 2371 0.05111
0.6006 4275 2377 2375 0.05098
0.6006 4285 2380 2378 0.0501
0.6006 4295 2383 2381 0.04923
0.6006 4305 2386 2384 0.04837
0.6006 4315 2389 2387 0.04751
0.6006 4325 2392 2390 0.04667
0.6006 4335 2395 2393 0.04638
0.6006 4345 2398 2396 0.04609
0.6006 4355 2401 2399 0.0458
0.6006 4365 2404 2402 0.04552
0.6006 4375 2408 2405 0.04523
0.6006 4385 2411 2408 0.0446
0.6006 4395 2414 2411 0.04398
0.6006 4405 2417 2414 0.04336
0.6006 4415 2420 2417 0.04275
0.6006 4425 2423 2420 0.04214
0.6006 4435 2426 2423 0.04142
0.6006 4445 2429 2426 0.0407
0.6006 4455 2432 2429 0.03999
0.6006 4465 2435 2432 0.03929
0.6006 4475 2437 2435 0.03859
0.6006 4485 2440 2438 0.03872
0.6006 4495 2443 2441 0.03885
0.6006 4505 2446 2444 0.03898
0.6006 4515 2449 2447 0.0391
0.6006 4525 2452 2450 0.03923
0.6006 4535 2455 2453 0.03841
0.6006 4545 2458 2456 0.03761
0.6006 4555 2461 2459 0.03682
0.6006 4565 2464 2462 0.03603
0.6006 4575 2467 2465 0.03525
0.6006 4585 2470 2468 0.03505
0.6006 4595 2473 2470 0.03485
0.6006 4605 2476 2473 0.03464
0.6006 4615 2478 2476 0.03444
0.6006 4625 2481 2479 0.03424
0.6006 4635 2484 2482 0.03395
0.6006 4645 2487 2485 0.03367
0.6006 4655 2490 2488 0.03339
0.6006 4665 2493 2491 0.03311
0.6006 4675 2496 2493 0.03283
0.6006 4685 2499 2496 0.03219
0.6006 4695 2501 2499 0.03156
0.6006 4705 2504 2502 0.03093
0.6006 4715 2507 2505 0.03031
0.6006 4725 2510 2508 0.0297
0.6006 4735 2513 2510 0.02934
0.6006 4745 2515 2513 0.02899
0.6006 4755 2518 2516 0.02863
0.6006 4765 2521 2519 0.02829
0.6006 4775 2524 2522 0.02794
0.6006 4785 2527 2524 0.02739
0.6006 4795 2529 2527 0.02685
0.6006 4805 2532 2530 0.02631
0.6006 4815 2535 2533 0.02578
0.6006 4825 2538 2536 0.02526
0.6006 4835 2541 2538 0.02572
0.6006 4845 2543 2541 0.02617
0.6006 4855 2546 2544 0.02662
0.6006 4865 2549 2547 0.02706
0.6006 4875 2552 2549 0.02749
0.6006 4885 2554 2552 0.02675
0.6006 4895 2557 2555 0.02602
0.6006 4905 2560 2558 0.02529
0.6006 4915 2562 2560 0.02458
0.6006 4925 2565 2563 0.02387
0.6006 4935 2568 2566 0.02366
0.6006 4945 2571 2568 0.02346
0.6006 4955 2573 2571 0.02325
0.6006 4965 2576 2574 0.02305
0.6006 4975 2579 2577 0.02285
0.6006 4985 2581 2579 0.02249
0.6006 4995 2584 2582 0.02212
0.6006 5005 2587 2585 0.02176
0.6006 5015 2589 2587 0.0214
0.6006 5025 2592 2590 0.02105
0.6006 5035 2595 2593 0.02085
0.6006 5045 2597 2595 0.02066
0.6006 5055 2600 2598 0.02047
0.6006 5065 2603 2601 0.02028
0.6006 5075 2605 2603 0.02009
0.6006 5085 2608 2606 0.02009
0.6006 5095 2611 2608 0.02009
0.6006 5105 2613 2611 0.02009
0.6006 5115 2616 2614 0.0201
0.6006 5125 2618 2616 0.0201
0.6006 5135 2621 2619 0.01987
0.6006 5145 2624 2622 0.01964
0.6006 5155 2626 2624 0.01941
0.6006 5165 2629 2627 0.01919
0.6006 5175 2631 2629 0.01897
0.6006 5185 2634 2632 0.01842
0.6006 5195 2637 2634 0.01788
0.6006 5205 2639 2637 0.01735
0.6006 5215 2642 2640 0.01682
0.6006 5225 2644 2642 0.01629
0.6006 5235 2647 2645 0.01614
0.6006 5245 2649 2647 0.01599
0.6006 5255 2652 2650 0.01584
0.6006 5265 2655 2652 0.01569
0.6006 5275 2657 2655 0.01554
0.6006 5285 2660 2657 0.01533
0.6006 5295 2662 2660 0.01512
0.6006 5305 2665 2663 0.01491
0.6006 5315 2667 2665 0.0147
0.6006 5325 2670 2668 0.01449
0.6006 5335 2672 2670 0.01446
0.6006 5345 2675 2673 0.01443
0.6006 5355 2677 2675 0.01439
0.6006 5365 2680 2678 0.01436
0.6006 5375 2682 2680 0.01433
0.6006 5385 2685 2683 0.01394
0.6006 5395 2687 2685 0.01356
0.6006 5405 2690 2688 0.01318
0.6006 5415 2692 2690 0.01281
0.6006 5425 2695 2693 0.01244
0.6006 5435 2697 2695 0.01238
0.6006 5445 2700 2697 0.01231
0.6006 5455 2702 2700 0.01224
0.6006 5465 2704 2702 0.01218
0.6006 5475 2707 2705 0.01212
0.6006 5485 2709 2707 0.01201
0.6006 5495 2712 2710 0.01191
0.6006 5505 2714 2712 0.01181
0.6006 5515 2717 2715 0.01172
0.6006 5525 2719 2717 0.01162
0.6006 5535 2721 2719 0.01161
0.6006 5545 2724 2722 0.0116
0.6006 5555 2726 2724 0.01158
0.6006 5565 2729 2727 0.01157
0.6006 5575 2731 2729 0.01156
0.6006 5585 2733 2731 0.01125
0.6006 5595 2736 2734 0.01095
0.6006 5605 2738 2736 0.01065
0.6006 5615 2741 2739 0.01035
0.6006 5625 2743 2741 0.01006
0.6006 5635 2745 2743 0.009865
0.6006 5645 2748 2746 0.009673
0.6006 5655 2750 2748 0.009483
0.6006 5665 2753 2751 0.009295
0.6006 5675 2755 2753 0.009109
0.6006 5685 2757 2755 0.009112
0.6006 5695 2760 2758 0.009116
0.6006 5705 2762 2760 0.009119
0.6006 5715 2764 2762 0.009122
0.6006 5725 2767 2765 0.009124
0.6006 5735 2769 2767 0.008919
0.6006 5745 2771 2769 0.008716
0.6006 5755 2774 2772 0.008514
0.6006 5765 2776 2774 0.008315
0.6006 5775 2778 2776 0.008117
0.6006 5785 2781 2779 0.008223
0.6006 5795 2783 2781 0.008328
0.6006 5805 2785 2783 0.008431
0.6006 5815 2787 2785 0.008533
0.6006 5825 2790 2788 0.008635
0.6006 5835 2792 2790 0.008347
0.6006 5845 2794 2792 0.008063
0.6006 5855 2797 2795 0.007781
0.6006 5865 2799 2797 0.007502
0.6006 5875 2801 2799 0.007226
0.6006 5885 2803 2801 0.007292
0.6006 5895 2806 2804 0.007357
0.6006 5905 2808 2806 0.007422
0.6006 5915 2810 2808 0.007485
0.6006 5925 2813 2811 0.007548
0.6006 5935 2815 2813 0.007422
0.6006 5945 2817 2815 0.007298
0.6006 5955 2819 2817 0.007174
0.6006 5965 2822 2820 0.007052
0.6006 5975 2824 2822 0.006931
0.6006 5985 2826 2824 0.006915
0.6006 5995 2828 2826 0.006899
0.6006 6005 2830 2828 0.006883
0.6006 6015 2833 2831 0.006867
0.6006 6025 2835 2833 0.006851
0.6006 6035 2837 2835 0.006737
0.6006 6045 2839 2837 0.006624
0.6006 6055 2841 2840 0.006512
0.6006 6065 2844 2842 0.006401
0.6006 6075 2846 2844 0.006291
0.6006 6085 2848 2846 0.006179
0.6006 6095 2850 2848 0.006067
0.6006 6105 2852 2850 0.005957
0.6006 6115 2855 2853 0.005847
0.6006 6125 2857 2855 0.005738
0.6006 6135 2859 2857 0.005818
0.6006 6145 2861 2859 0.005896
0.6006 6155 2863 2861 0.005974
0.6006 6165 2865 2864 0.006051
0.6006 6175 2868 2866 0.006127
0.6006 6185 2870 2868 0.005977
0.6006 6195 2872 2870 0.005828
0.6006 6205 2874 2872 0.005681
0.6006 6215 2876 2874 0.005535
0.6006 6225 2878 2876 0.005391
0.6006 6235 2881 2879 0.005321
0.6006 6245 2883 2881 0.005251
0.6006 6255 2885 2883 0.005182
0.6006 6265 2887 2885 0.005114
0.6006 6275 2889 2887 0.005046
0.6006 6285 2891 2889 0.005044
0.6006 6295 2893 2891 0.005042
0.6006 6305 2895 2893 0.00504
0.6006 6315 2897 2896 0.005038
0.6006 6325 2900 2898 0.005036
0.6006 6335 2902 2900 0.004912
0.6006 6345 2904 2902 0.00479
0.6006 6355 2906 2904 0.004668
0.6006 6365 2908 2906 0.004547
0.6006 6375 2910 2908 0.004428
0.6006 6385 2912 2910 0.004399
0.6006 6395 2914 2912 0.004369
0.6006 6405 2916 2914 0.00434
0.6006 6415 2918 2916 0.004312
0.6006 6425 2920 2919 0.004283
0.6006 6435 2923 2921 0.004374
0.6006 6445 2925 2923 0.004463
0.6006 6455 2927 2925 0.004552
0.6006 6465 2929 2927 0.00464
0.6006 6475 2931 2929 0.004727
0.6006 6485 2933 2931 0.004558
0.6006 6495 2935 2933 0.00439
0.6006 6505 2937 2935 0.004224
0.6006 6515 2939 2937 0.00406
0.6006 6525 2941 2939 0.003897
0.6006 6535 2943 2941 0.003837
0.6006 6545 2945 2943 0.003779
0.6006 6555 2947 2945 0.00372
0.6006 6565 2949 2947 0.003663
0.6006 6575 2951 2949 0.003605
0.6006 6585 2953 2951 0.003592
0.6006 6595 2955 2953 0.003578
0.6006 6605 2957 2955 0.003565
0.6006 6615 2959 2957 0.003552
0.6006 6625 2961 2959 0.003539
0.6006 6635 2963 2961 0.003528
0.6006 6645 2965 2963 0.003518
0.6006 6655 2967 2965 0.003507
0.6006 6665 2969 2967 0.003497
0.6006 6675 2971 2969 0.003486
0.6006 6685 2973 2971 0.003396
0.6006 6695 2975 2973 0.003306
0.6006 6705 2977 2975 0.003217
0.6006 6715 2979 2977 0.003129
0.6006 6725 2981 2979 0.003041
0.6006 6735 2983 2981 0.003056
0.6006 6745 2985 2983 0.00307
0.6006 6755 2987 2985 0.003084
0.6006 6765 2989 2987 0.003098
0.6006 6775 2991 2989 0.003112
0.6006 6785 2993 2991 0.003158
0.6006 6795 2995 2993 0.003203
0.6006 6805 2997 2995 0.003248
0.6006 6815 2998 2997 0.003293
0.6006 6825 3000 2999 0.003337
0.6006 6835 3002 3000 0.003199
0.6006 6845 3004 3002 0.003062
0.6006 6855 3006 3004 0.002926
0.6006 6865 3008 3006 0.002791
0.6006 6875 3010 3008 0.002657
0.6006 6885 3012 3010 0.002658
0.6006 6895 3014 3012 0.002658
0.6006 6905 3016 3014 0.002659
0.6006 6915 3018 3016 0.002659
0.6006 6925 3020 3018 0.002659
0.6006 6935 3021 3020 0.002729
0.6006 6945 3023 3022 0.002798
0.6006 6955 3025 3023 0.002867
0.6006 6965 3027 3025 0.002935
0.6006 6975 3029 3027 0.003002
0.6006 6985 3031 3029 0.00296
0.6006 6995 3033 3031 0.002918
0.6006 7005 3035 3033 0.002876
0.6006 7015 3037 3035 0.002835
0.6006 7025 3038 3037 0.002794
0.6006 7035 3040 3038 0.002693
0.6006 7045 3042 3040 0.002593
0.6006 7055 3044 3042 0.002494
0.6006 7065 3046 3044 0.002395
0.6006 7075 3048 3046 0.002298
0.6006 7085 3050 3048 0.002288
0.6006 7095 3051 3050 0.002279
0.6006 7105 3053 3052 0.002269
0.6006 7115 3055 3053 0.00226
0.6006 7125 3057 3055 0.00225
0.6006 7135 3059 3057 0.00219
0.6006 7145 3061 3059 0.002129
0.6006 7155 3063 3061 0.00207
0.6006 7165 3064 3063 0.002011
0.6006 7175 3066 3064 0.001952
0.6006 7185 3068 3066 0.001975
0.6006 7195 3070 3068 0.001998
0.6006 7205 3072 3070 0.002021
0.6006 7215 3073 3072 0.002044
0.6006 7225 3075 3073 0.002066
0.6006 7235 3077 3075 0.002025
0.6006 7245 3079 3077 0.001984
0.6006 7255 3081 3079 0.001943
0.6006 7265 3083 3081 0.001903
0.6006 7275 3084 3083 0.001863
0.6006 7285 3086 3084 0.001886
0.6006 7295 3088 3086 0.001908
0.6006 7305 3090 3088 0.00193
0.6006 7315 3091 3090 0.001952
0.6006 7325 3093 3091 0.001973
0.6006 7335 3095 3093 0.001918
0.6006 7345 3097 3095 0.001863
0.6006 7355 3099 3097 0.001809
0.6006 7365 3100 3099 0.001755
0.6006 7375 3102 3100 0.001702
0.6006 7385 3104 3102 0.001697
0.6006 7395 3106 3104 0.001692
0.6006 7405 3107 3106 0.001687
0.6006 7415 3109 3107 0.001682
0.6006 7425 3111 3109 0.001677
0.6006 7435 3113 3111 0.001659
0.6006 7445 3114 3113 0.001641
0.6006 7455 3116 3114 0.001624
0.6006 7465 3118 3116 0.001606
0.6006 7475 3120 3118 0.001588
0.6006 7485 3121 3120 0.001575
0.6006 7495 3123 3121 0.001561
0.6006 7505 3125 3123 0.001547
0.6006 7515 3127 3125 0.001534
0.6006 7525 3128 3127 0.001521
0.6006 7535 3130 3128 0.001517
0.6006 7545 3132 3130 0.001512
0.6006 7555 3134 3132 0.001508
0.6006 7565 3135 3134 0.001504
0.6006 7575 3137 3135 0.0015
0.6006 7585 3139 3137 0.001462
0.6006 7595 3140 3139 0.001424
0.6006 7605 3142 3140 0.001387
0.6006 7615 3144 3142 0.00135
0.6006 7625 3146 3144 0.001313
0.6006 7635 3147 3145 0.001341
0.6006 7645 3149 3147 0.001369
0.6006 7655 3151 3149 0.001397
0.6006 7665 3152 3151 0.001424
0.6006 7675 3154 3152 0.001451
0.6006 7685 3156 3154 0.001421
0.6006 7695 3157 3156 0.001392
0.6006 7705 3159 3157 0.001363
0.6006 7715 3161 3159 0.001334
0.6006 7725 3162 3161 0.001305
0.6006 7735 3164 3162 0.001282
0.6006 7745 3166 3164 0.001258
0.6006 7755 3167 3166 0.001235
0.6006 7765 3169 3167 0.001212
0.6006 7775 3171 3169 0.00119
0.6006 7785 3172 3171 0.001162
0.6006 7795 3174 3172 0.001135
0.6006 7805 3176 3174 0.001107
0.6006 7815 3177 3176 0.00108
0.6006 7825 3179 3177 0.001054
0.6006 7835 3181 3179 0.001054
0.6006 7845 3182 3181 0.001055
0.6006 7855 3184 3182 0.001056
0.6006 7865 3186 3184 0.001057
0.6006 7875 3187 3186 0.001058
0.6006 7885 3189 3187 0.001057
0.6006 7895 3191 3189 0.001056
0.6006 7905 3192 3190 0.001055
0.6006 7915 3194 3192 0.001054
0.6006 7925 3195 3194 0.001053
0.6006 7935 3197 3195 0.001039
0.6006 7945 3199 3197 0.001024
0.6006 7955 3200 3199 0.001009
0.6006 7965 3202 3200 0.0009947
0.6006 7975 3204 3202 0.0009803
0.6006 7985 3205 3203 0.0009812
0.6006 7995 3207 3205 0.0009821
0.6006 8005 3208 3207 0.000983
0.6006 8015 3210 3208 0.0009839
0.6006 8025 3212 3210 0.0009848
0.6006 8035 3213 3211 0.0009946
0.6006 8045 3215 3213 0.001004
0.6006 8055 3216 3215 0.001014
0.6006 8065 3218 3216 0.001024
0.6006 8075 3220 3218 0.001033
0.6006 8085 3221 3219 0.001026
0.6006 8095 3223 3221 0.00102
0.6006 8105 3224 3223 0.001013
0.6006 8115 3226 3224 0.001006
0.6006 8125 3228 3226 0.0009998
0.6006 8135 3229 3227 0.0009731
0.6006 8145 3231 3229 0.0009465
0.6006 8155 3232 3231 0.0009201
0.6006 8165 3234 3232 0.0008939
0.6006 8175 3235 3234 0.0008679
0.6006 8185 3237 3235 0.0008647
0.6006 8195 3239 3237 0.0008616
0.6006 8205 3240 3238 0.0008585
0.6006 8215 3242 3240 0.0008554
0.6006 8225 3243 3241 0.0008523
0.6006 8235 3245 3243 0.0008589
0.6006 8245 3246 3245 0.0008656
0.6006 8255 3248 3246 0.0008721
0.6006 8265 3249 3248 0.0008786
0.6006 8275 3251 3249 0.0008851
0.6006 8285 3252 3251 0.0009024
0.6006 8295 3254 3252 0.0009196
0.6006 8305 3256 3254 0.0009367
0.6006 8315 3257 3255 0.0009536
0.6006 8325 3259 3257 0.0009704
0.6006 8335 3260 3258 0.0009173
0.6006 8345 3262 3260 0.0008645
0.6006 8355 3263 3262 0.0008121
0.6006 8365 3265 3263 0.00076
0.6006 8375 3266 3265 0.0007083
0.6006 8385 3268 3266 0.0007005
0.6006 8395 3269 3268 0.0006928
0.6006 8405 3271 3269 0.0006851
0.6006 8415 3272 3271 0.0006775
0.6006 8425 3274 3272 0.0006699
0.6006 8435 3275 3274 0.0006649
0.6006 8445 3277 3275 0.00066
0.6006 8455 3278 3277 0.0006551
0.6006 8465 3280 3278 0.0006502
0.6006 8475 3281 3280 0.0006454
0.6006 8485 3283 3281 0.0006521
0.6006 8495 3284 3283 0.0006587
0.6006 8505 3286 3284 0.0006652
0.6006 8515 3287 3286 0.0006717
0.6006 8525 3289 3287 0.0006782
0.6006 8535 3290 3289 0.0006696
0.6006 8545 3292 3290 0.000661
0.6006 8555 3293 3292 0.0006525
0.6006 8565 3295 3293 0.000644
0.6006 8575 3296 3295 0.0006356
0.6006 8585 3298 3296 0.0006278
0.6006 8595 3299 3298 0.00062
0.6006 8605 3301 3299 0.0006122
0.6006 8615 3302 3300 0.0006045
0.6006 8625 3304 3302 0.0005968
0.6006 8635 3305 3303 0.0005885
0.6006 8645 3307 3305 0.0005802
0.6006 8655 3308 3306 0.000572
0.6006 8665 3309 3308 0.0005638
0.6006 8675 3311 3309 0.0005557
0.6006 8685 3312 3311 0.0005463
0.6006 8695 3314 3312 0.000537
0.6006 8705 3315 3314 0.0005277
0.6006 8715 3317 3315 0.0005185
0.6006 8725 3318 3317 0.0005093
0.6006 8735 3320 3318 0.0005082
0.6006 8745 3321 3319 0.000507
0.6006 8755 3323 3321 0.0005059
0.6006 8765 3324 3322 0.0005048
0.6006 8775 3325 3324 0.0005036
0.6006 8785 3327 3325 0.0004973
0.6006 8795 3328 3327 0.0004911
0.6006 8805 3330 3328 0.0004849
0.6006 8815 3331 3329 0.0004787
0.6006 8825 3333 3331 0.0004725
0.6006 8835 3334 3332 0.0004664
0.6006 8845 3335 3334 0.0004604
0.6006 8855 3337 3335 0.0004543
0.6006 8865 3338 3337 0.0004484
0.6006 8875 3340 3338 0.0004424
0.6006 8885 3341 3339 0.0004535
0.6006 8895 3343 3341 0.0004645
0.6006 8905 3344 3342 0.0004754
0.6006 8915 3345 3344 0.0004862
0.6006 8925 3347 3345 0.000497
0.6006 8935 3348 3346 0.0004861
0.6006 8945 3350 3348 0.0004752
0.6006 8955 3351 3349 0.0004644
0.6006 8965 3352 3351 0.0004537
0.6006 8975 3354 3352 0.000443
0.6006 8985 3355 3353 0.0004351
0.6006 8995 3357 3355 0.0004273
0.6006 9005 3358 3356 0.0004194
0.6006 9015 3359 3358 0.0004117
0.6006 9025 3361 3359 0.000404
0.6006 9035 3362 3360 0.0004006
0.6006 9045 3363 3362 0.0003973
0.6006 9055 3365 3363 0.000394
0.6006 9065 3366 3365 0.0003908
0.6006 9075 3368 3366 0.0003875
0.6006 9085 3369 3367 0.0003924
0.6006 9095 3370 3369 0.0003972
0.6006 9105 3372 3370 0.000402
0.6006 9115 3373 3371 0.0004068
0.6006 9125 3375 3373 0.0004115
0.6006 9135 3376 3374 0.0003979
0.6006 9145 3377 3376 0.0003844
0.6006 9155 3379 3377 0.0003709
0.6006 9165 3380 3378 0.0003576
0.6006 9175 3381 3380 0.0003443
0.6006 9185 3383 3381 0.0003519
0.6006 9195 3384 3382 0.0003594
0.6006 9205 3385 3384 0.0003668
0.6006 9215 3387 3385 0.0003742
0.6006 9225 3388 3386 0.0003815
0.6006 9235 3389 3388 0.0003747
0.6006 9245 3391 3389 0.0003679
0.6006 9255 3392 3390 0.0003611
0.6006 9265 3393 3392 0.0003543
0.6006 9275 3395 3393 0.0003476
0.6006 9285 3396 3395 0.0003455
0.6006 9295 3397 3396 0.0003435
0.6006 9305 3399 3397 0.0003414
0.6006 9315 3400 3399 0.0003394
0.6006 9325 3401 3400 0.0003373
0.6006 9335 3403 3401 0.0003389
0.6006 9345 3404 3403 0.0003405
0.6006 9355 3405 3404 0.0003421
0.6006 9365 3407 3405 0.0003437
0.6006 9375 3408 3406 0.0003453
0.6006 9385 3409 3408 0.0003326
0.6006 9395 3411 3409 0.00032
0.6006 9405 3412 3410 0.0003074
0.6006 9415 3413 3412 0.0002949
0.6006 9425 3415 3413 0.0002825
0.6006 9435 3416 3414 0.0002864
0.6006 9445 3417 3416 0.0002902
0.6006 9455 3419 3417 0.000294
0.6006 9465 3420 3418 0.0002978
0.6006 9475 3421 3420 0.0003016
0.6006 9485 3423 3421 0.0003014
0.6006 9495 3424 3422 0.0003012
0.6006 9505 3425 3424 0.0003009
0.6006 9515 3426 3425 0.0003007
0.6006 9525 3428 3426 0.0003005
0.6006 9535 3429 3427 0.0002966
0.6006 9545 3430 3429 0.0002927
0.6006 9555 3432 3430 0.0002889
0.6006 9565 3433 3431 0.000285
0.6006 9575 3434 3433 0.0002812
0.6006 9585 3436 3434 0.0002821
0.6006 9595 3437 3435 0.000283
0.6006 9605 3438 3436 0.0002839
0.6006 9615 3439 3438 0.0002848
0.6006 9625 3441 3439 0.0002857
0.6006 9635 3442 3440 0.0002777
0.6006 9645 3443 3442 0.0002697
0.6006 9655 3444 3443 0.0002617
0.6006 9665 3446 3444 0.0002538
0.6006 9675 3447 3445 0.000246
0.6006 9685 3448 3447 0.0002387
0.6006 9695 3450 3448 0.0002314
0.6006 9705 3451 3449 0.0002242
0.6006 9715 3452 3450 0.0002171
0.6006 9725 3453 3452 0.00021
0.6006 9735 3455 3453 0.0002137
0.6006 9745 3456 3454 0.0002175
0.6006 9755 3457 3455 0.0002212
0.6006 9765 3458 3457 0.0002249
0.6006 9775 3460 3458 0.0002286
0.6006 9785 3461 3459 0.0002271
0.6006 9795 3462 3461 0.0002255
0.6006 9805 3463 3462 0.000224
0.6006 9815 3465 3463 0.0002225
0.6006 9825 3466 3464 0.000221
0.6006 9835 3467 3466 0.0002163
0.6006 9845 3468 3467 0.0002115
0.6006 9855 3470 3468 0.0002068
0.6006 9865 3471 3469 0.0002021
0.6006 9875 3472 3470 0.0001974
0.6006 9885 3473 3472 0.0001996
0.6006 9895 3475 3473 0.0002018
0.6006 9905 3476 3474 0.0002039
0.6006 9915 3477 3475 0.000206
0.6006 9925 3478 3477 0.0002081
0.6006 9935 3479 3478 0.0002094
0.6006 9945 3481 3479 0.0002106
0.6006 9955 3482 3480 0.0002118
0.6006 9965 3483 3482 0.000213
0.6006 9975 3484 3483 0.0002142
0.6006 9985 3486 3484 0.0002
0.6006 9995 3487 3485 0.0001859
0.6006 1e+04 3488 3486 0.0001719
0.6006 1.002e+04 3489 3488 0.000158
