0.001 5.508 3.427
0.011 5.391 3.444
0.021 5.253 3.418
0.031 5.111 3.377
0.041 4.972 3.327
0.051 4.829 3.266
0.061 4.69 3.203
0.071 4.554 3.136
0.081 4.419 3.066
0.091 4.287 2.995
0.101 4.157 2.921
0.111 4.031 2.848
0.121 3.906 2.774
0.131 3.783 2.699
0.141 3.665 2.626
0.151 3.547 2.551
0.161 3.434 2.479
0.171 3.325 2.408
0.181 3.221 2.34
0.191 3.117 2.271
0.201 3.018 2.206
0.211 2.92 2.139
0.221 2.827 2.076
0.231 2.737 2.015
0.241 2.649 1.955
0.251 2.564 1.896
0.261 2.481 1.839
0.271 2.404 1.785
0.281 2.326 1.731
0.291 2.25 1.678
0.301 2.18 1.628
0.311 2.109 1.578
0.321 2.043 1.531
0.331 1.979 1.485
0.341 1.916 1.44
0.351 1.853 1.395
0.361 1.795 1.353
0.371 1.738 1.312
0.381 1.683 1.272
0.391 1.629 1.233
0.401 1.578 1.195
0.411 1.528 1.159
0.421 1.479 1.123
0.431 1.434 1.09
0.441 1.388 1.057
0.451 1.344 1.024
0.461 1.301 0.9923
0.471 1.261 0.9631
0.481 1.221 0.9332
0.491 1.182 0.9042
0.501 1.146 0.8775
0.511 1.109 0.8501
0.521 1.076 0.8249
0.531 1.041 0.7992
0.541 1.01 0.7755
0.551 0.9774 0.7512
0.561 0.9477 0.7289
0.571 0.9173 0.706
0.581 0.8895 0.685
0.591 0.8625 0.6646
0.601 0.8348 0.6437
0.611 0.8095 0.6245
0.621 0.785 0.6059
0.631 0.7598 0.5868
0.641 0.7368 0.5693
0.651 0.7145 0.5524
0.661 0.6929 0.5359
0.671 0.6707 0.5189
0.681 0.6504 0.5034
0.691 0.6307 0.4884
0.701 0.6116 0.4738
0.711 0.5931 0.4596
0.721 0.5752 0.4459
0.731 0.5578 0.4325
0.741 0.5399 0.4188
0.751 0.5236 0.4062
0.761 0.5078 0.394
0.771 0.4924 0.3822
0.781 0.4775 0.3707
0.791 0.4631 0.3595
0.801 0.4491 0.3487
0.811 0.4355 0.3382
0.821 0.4223 0.328
0.831 0.4095 0.3181
0.841 0.3971 0.3085
0.851 0.3851 0.2992
0.861 0.3735 0.2902
0.871 0.3621 0.2814
0.881 0.3512 0.2729
0.891 0.3412 0.2652
0.901 0.3309 0.2572
0.911 0.3209 0.2494
0.921 0.3112 0.2418
0.931 0.3017 0.2345
0.941 0.2926 0.2273
0.951 0.2837 0.2204
0.961 0.2757 0.2142
0.971 0.2673 0.2077
0.981 0.2592 0.2014
0.991 0.2514 0.1952
1.001 0.2437 0.1893
1.011 0.2368 0.1839
1.021 0.2297 0.1783
1.031 0.2227 0.1728
1.041 0.2159 0.1676
1.051 0.2093 0.1624
1.061 0.2034 0.1578
1.071 0.1972 0.153
1.081 0.1912 0.1483
1.091 0.1854 0.1437
1.101 0.1802 0.1396
1.111 0.1747 0.1353
1.121 0.1693 0.1312
1.131 0.1645 0.1274
1.141 0.1595 0.1235
1.151 0.1546 0.1197
1.161 0.1503 0.1163
1.171 0.1456 0.1127
1.181 0.1412 0.1092
1.191 0.1372 0.1061
1.201 0.133 0.1028
1.211 0.1289 0.09958
1.221 0.1252 0.09672
1.231 0.1214 0.09371
1.241 0.1176 0.09079
1.251 0.1143 0.08819
1.261 0.1108 0.08543
1.271 0.1076 0.08298
1.281 0.1043 0.08038
1.291 0.1011 0.07786
1.301 0.0982 0.07562
1.311 0.09516 0.07325
1.321 0.09245 0.07113
1.331 0.08958 0.06889
1.341 0.08679 0.06672
1.351 0.08431 0.06479
1.361 0.08169 0.06275
1.371 0.07935 0.06093
1.381 0.07688 0.059
1.391 0.07468 0.05729
1.401 0.07235 0.05548
1.411 0.07027 0.05386
1.421 0.06807 0.05215
1.431 0.06594 0.05049
1.441 0.06404 0.04902
1.451 0.06203 0.04746
1.461 0.06024 0.04607
1.471 0.05835 0.0446
1.481 0.05666 0.04329
1.491 0.05488 0.04191
1.501 0.05329 0.04068
1.511 0.0516 0.03937
1.521 0.05011 0.03821
1.531 0.04852 0.03698
1.541 0.04711 0.03589
1.551 0.04562 0.03474
1.561 0.04429 0.03371
1.571 0.04288 0.03262
1.581 0.04163 0.03166
1.591 0.04042 0.03072
1.601 0.03913 0.02972
1.611 0.03799 0.02884
1.621 0.03677 0.0279
1.631 0.03569 0.02707
1.641 0.03455 0.02619
1.651 0.03354 0.02541
1.661 0.03246 0.02458
1.671 0.03151 0.02385
1.681 0.03049 0.02307
1.691 0.0296 0.02238
1.701 0.02873 0.02171
1.711 0.0278 0.021
1.721 0.02698 0.02037
1.731 0.02611 0.0197
1.741 0.02534 0.01911
1.751 0.02452 0.01848
1.761 0.0238 0.01793
1.771 0.0231 0.01739
1.781 0.02234 0.01682
1.791 0.02169 0.01631
1.801 0.02098 0.01577
1.811 0.02036 0.0153
1.821 0.01976 0.01484
1.831 0.01911 0.01435
1.841 0.01855 0.01392
1.851 0.01794 0.01345
1.861 0.01741 0.01305
1.871 0.01689 0.01266
1.881 0.01634 0.01224
1.891 0.01586 0.01187
1.901 0.01538 0.01151
1.911 0.01488 0.01113
1.921 0.01444 0.01079
1.931 0.01396 0.01043
1.941 0.01355 0.01012
1.951 0.01315 0.009811
1.961 0.01272 0.009483
1.971 0.01234 0.009198
1.981 0.01197 0.00892
1.991 0.01158 0.008623
