0.179 999.8 939.1 0.0003362 2.062e-12 0.9998 4.123e-12
1.475 998.5 940.4 0.002769 2.059e-12 0.9986 4.106e-12
4.055 995.9 943 0.007614 2.052e-12 0.9962 4.07e-12
7.896 992.1 946.8 0.01483 2.04e-12 0.9925 4.016e-12
12.96 987 951.9 0.02434 2.023e-12 0.9877 3.942e-12
19.21 980.8 958.1 0.03608 1.999e-12 0.9816 3.846e-12
26.59 973.4 965.5 0.04994 1.968e-12 0.9744 3.729e-12
35.04 965 974 0.06581 1.929e-12 0.9659 3.592e-12
44.49 955.5 983.4 0.08355 1.882e-12 0.9563 3.436e-12
54.86 945.1 993.8 0.103 1.827e-12 0.9455 3.265e-12
66.08 933.9 1005 0.1241 1.766e-12 0.9336 3.081e-12
78.07 921.9 1017 0.1466 1.7e-12 0.9205 2.89e-12
90.73 909.3 1030 0.1704 1.63e-12 0.9063 2.695e-12
104 896 1043 0.1953 1.557e-12 0.891 2.499e-12
117.8 882.2 1057 0.2212 1.482e-12 0.8746 2.307e-12
132 868 1071 0.2479 1.408e-12 0.8572 2.121e-12
146.6 853.4 1085 0.2752 1.334e-12 0.8387 1.944e-12
161.4 838.6 1100 0.3031 1.263e-12 0.8192 1.776e-12
176.5 823.5 1115 0.3314 1.193e-12 0.7986 1.618e-12
191.7 808.3 1131 0.3599 1.127e-12 0.7771 1.472e-12
206.9 793.1 1146 0.3886 1.064e-12 0.7547 1.338e-12
222.2 777.8 1161 0.4173 1.004e-12 0.7314 1.215e-12
237.5 762.5 1176 0.4459 9.483e-13 0.7071 1.102e-12
252.6 747.4 1192 0.4744 8.959e-13 0.682 1e-12
267.7 732.3 1207 0.5026 8.47e-13 0.6561 9.078e-13
282.5 717.5 1221 0.5306 8.016e-13 0.6293 8.244e-13
297.2 702.8 1236 0.5581 7.593e-13 0.6018 7.492e-13
311.7 688.3 1251 0.5852 7.201e-13 0.5736 6.815e-13
325.8 674.2 1265 0.6119 6.839e-13 0.5446 6.206e-13
339.7 660.3 1279 0.638 6.503e-13 0.515 5.659e-13
353.4 646.6 1292 0.6635 6.193e-13 0.4848 5.167e-13
366.7 633.3 1306 0.6885 5.905e-13 0.454 4.725e-13
379.6 620.4 1319 0.7129 5.64e-13 0.4226 4.328e-13
392.3 607.7 1331 0.7366 5.394e-13 0.3907 3.971e-13
404.6 595.4 1343 0.7597 5.167e-13 0.3584 3.649e-13
416.5 583.5 1355 0.7822 4.956e-13 0.3256 3.36e-13
428.1 571.9 1367 0.8039 4.761e-13 0.2924 3.099e-13
439.4 560.6 1378 0.8251 4.581e-13 0.2588 2.863e-13
450.3 549.7 1389 0.8456 4.413e-13 0.225 2.65e-13
460.8 539.2 1400 0.8654 4.257e-13 0.1908 2.458e-13
471.1 528.9 1410 0.8846 4.113e-13 0.1564 2.283e-13
480.9 519.1 1420 0.9031 3.978e-13 0.1219 2.125e-13
490.5 509.5 1429 0.921 3.853e-13 0.08716 1.981e-13
499.7 500.3 1439 0.9383 3.736e-13 0.05234 1.851e-13
508.6 491.4 1447 0.955 3.628e-13 0.01745 1.732e-13
517.1 482.9 1456 0.9711 3.526e-13 -0.01745 1.624e-13
525.4 474.6 1464 0.9865 3.432e-13 -0.05234 1.525e-13
533.3 466.7 1472 1.001 3.343e-13 -0.08716 1.434e-13
541 459 1480 1.016 3.26e-13 -0.1219 1.352e-13
548.3 451.7 1487 1.03 3.183e-13 -0.1564 1.276e-13
555.4 444.6 1494 1.043 3.111e-13 -0.1908 1.206e-13
562.2 437.8 1501 1.056 3.043e-13 -0.225 1.143e-13
568.7 431.3 1508 1.068 2.979e-13 -0.2588 1.084e-13
575 425 1514 1.08 2.92e-13 -0.2924 1.03e-13
581 419 1520 1.091 2.864e-13 -0.3256 9.802e-14
586.7 413.3 1526 1.102 2.811e-13 -0.3584 9.344e-14
592.2 407.8 1531 1.112 2.762e-13 -0.3907 8.921e-14
597.5 402.5 1536 1.122 2.716e-13 -0.4226 8.53e-14
602.6 397.4 1541 1.132 2.673e-13 -0.454 8.169e-14
607.4 392.6 1546 1.141 2.632e-13 -0.4848 7.835e-14
612 388 1551 1.149 2.594e-13 -0.515 7.526e-14
616.4 383.6 1555 1.158 2.558e-13 -0.5446 7.24e-14
620.7 379.3 1560 1.165 2.524e-13 -0.5736 6.975e-14
624.7 375.3 1564 1.173 2.493e-13 -0.6018 6.73e-14
628.5 371.5 1567 1.18 2.463e-13 -0.6293 6.502e-14
632.1 367.9 1571 1.187 2.435e-13 -0.6561 6.291e-14
635.6 364.4 1574 1.193 2.409e-13 -0.682 6.096e-14
638.8 361.2 1578 1.2 2.385e-13 -0.7071 5.914e-14
641.9 358.1 1581 1.205 2.362e-13 -0.7314 5.747e-14
644.9 355.1 1584 1.211 2.341e-13 -0.7547 5.591e-14
647.6 352.4 1587 1.216 2.321e-13 -0.7771 5.447e-14
650.2 349.8 1589 1.221 2.303e-13 -0.7986 5.315e-14
652.7 347.3 1592 1.226 2.285e-13 -0.8192 5.192e-14
655 345 1594 1.23 2.27e-13 -0.8387 5.079e-14
657.1 342.9 1596 1.234 2.255e-13 -0.8572 4.975e-14
659.1 340.9 1598 1.238 2.241e-13 -0.8746 4.88e-14
660.9 339.1 1600 1.241 2.229e-13 -0.891 4.793e-14
662.6 337.4 1602 1.244 2.217e-13 -0.9063 4.713e-14
664.2 335.8 1603 1.247 2.207e-13 -0.9205 4.641e-14
665.6 334.4 1605 1.25 2.197e-13 -0.9336 4.576e-14
666.9 333.1 1606 1.252 2.189e-13 -0.9455 4.518e-14
668.1 331.9 1607 1.255 2.181e-13 -0.9563 4.466e-14
669.1 330.9 1608 1.256 2.175e-13 -0.9659 4.421e-14
670 330 1609 1.258 2.169e-13 -0.9744 4.381e-14
670.7 329.3 1610 1.26 2.164e-13 -0.9816 4.348e-14
671.4 328.6 1610 1.261 2.16e-13 -0.9877 4.32e-14
671.9 328.1 1611 1.262 2.157e-13 -0.9925 4.298e-14
672.3 327.7 1611 1.262 2.154e-13 -0.9962 4.282e-14
672.5 327.5 1611 1.263 2.153e-13 -0.9986 4.271e-14
672.6 327.4 1612 1.263 2.152e-13 -0.9998 4.266e-14
