0.1089 499.9 939 0.0002044 1.985e-12 0.9998 9.924e-13
0.4295 499.6 939.3 0.0008066 1.987e-12 0.9986 9.919e-13
1.069 498.9 940 0.002008 1.99e-12 0.9962 9.908e-13
2.025 498 940.9 0.003802 1.994e-12 0.9925 9.893e-13
3.291 496.7 942.2 0.006179 2e-12 0.9877 9.871e-13
4.861 495.1 943.8 0.009129 2.007e-12 0.9816 9.841e-13
6.728 493.3 945.6 0.01263 2.014e-12 0.9744 9.802e-13
8.882 491.1 947.8 0.01668 2.022e-12 0.9659 9.753e-13
11.31 488.7 950.2 0.02124 2.029e-12 0.9563 9.692e-13
14.01 486 952.9 0.02631 2.036e-12 0.9455 9.617e-13
16.96 483 955.9 0.03184 2.042e-12 0.9336 9.527e-13
20.14 479.9 959.1 0.03782 2.047e-12 0.9205 9.423e-13
23.55 476.4 962.5 0.04423 2.05e-12 0.9063 9.303e-13
27.17 472.8 966.1 0.05102 2.051e-12 0.891 9.167e-13
30.99 469 969.9 0.05819 2.051e-12 0.8746 9.016e-13
34.98 465 973.9 0.06568 2.048e-12 0.8572 8.851e-13
39.13 460.9 978.1 0.07348 2.043e-12 0.8387 8.672e-13
43.43 456.6 982.4 0.08156 2.036e-12 0.8192 8.48e-13
47.86 452.1 986.8 0.08988 2.027e-12 0.7986 8.277e-13
52.41 447.6 991.3 0.09841 2.016e-12 0.7771 8.065e-13
57.05 442.9 996 0.1071 2.003e-12 0.7547 7.844e-13
61.78 438.2 1001 0.116 1.988e-12 0.7314 7.618e-13
66.58 433.4 1005 0.125 1.971e-12 0.7071 7.387e-13
71.43 428.6 1010 0.1341 1.952e-12 0.682 7.152e-13
76.33 423.7 1015 0.1433 1.932e-12 0.6561 6.916e-13
81.25 418.7 1020 0.1526 1.911e-12 0.6293 6.68e-13
86.2 413.8 1025 0.1619 1.889e-12 0.6018 6.445e-13
91.14 408.9 1030 0.1711 1.866e-12 0.5736 6.213e-13
96.08 403.9 1035 0.1804 1.842e-12 0.5446 5.983e-13
101 399 1040 0.1897 1.818e-12 0.515 5.758e-13
105.9 394.1 1045 0.1989 1.793e-12 0.4848 5.538e-13
110.8 389.2 1050 0.208 1.768e-12 0.454 5.324e-13
115.6 384.4 1055 0.217 1.743e-12 0.4226 5.116e-13
120.4 379.6 1059 0.226 1.717e-12 0.3907 4.914e-13
125.1 374.9 1064 0.2349 1.692e-12 0.3584 4.719e-13
129.7 370.3 1069 0.2436 1.667e-12 0.3256 4.531e-13
134.3 365.7 1073 0.2522 1.642e-12 0.2924 4.351e-13
138.8 361.2 1078 0.2606 1.618e-12 0.2588 4.177e-13
143.2 356.8 1082 0.269 1.594e-12 0.225 4.011e-13
147.6 352.4 1086 0.2771 1.57e-12 0.1908 3.852e-13
151.8 348.2 1091 0.2851 1.546e-12 0.1564 3.7e-13
156 344 1095 0.2929 1.524e-12 0.1219 3.555e-13
160.1 339.9 1099 0.3006 1.501e-12 0.08716 3.417e-13
164.1 335.9 1103 0.3081 1.479e-12 0.05234 3.285e-13
168 332 1107 0.3154 1.458e-12 0.01745 3.16e-13
171.7 328.3 1111 0.3225 1.438e-12 -0.01745 3.04e-13
175.4 324.6 1114 0.3295 1.418e-12 -0.05234 2.927e-13
179 321 1118 0.3362 1.398e-12 -0.08716 2.82e-13
182.5 317.5 1121 0.3428 1.379e-12 -0.1219 2.718e-13
185.9 314.1 1125 0.3492 1.361e-12 -0.1564 2.621e-13
189.2 310.8 1128 0.3554 1.344e-12 -0.1908 2.53e-13
192.4 307.6 1131 0.3614 1.327e-12 -0.225 2.443e-13
195.5 304.5 1134 0.3672 1.31e-12 -0.2588 2.361e-13
198.5 301.5 1137 0.3728 1.294e-12 -0.2924 2.283e-13
201.5 298.5 1140 0.3783 1.279e-12 -0.3256 2.209e-13
204.3 295.7 1143 0.3836 1.264e-12 -0.3584 2.139e-13
207 293 1146 0.3887 1.25e-12 -0.3907 2.073e-13
209.6 290.4 1149 0.3936 1.237e-12 -0.4226 2.011e-13
212.1 287.9 1151 0.3983 1.224e-12 -0.454 1.952e-13
214.5 285.5 1153 0.4029 1.211e-12 -0.4848 1.897e-13
216.9 283.1 1156 0.4073 1.199e-12 -0.515 1.844e-13
219.1 280.9 1158 0.4115 1.188e-12 -0.5446 1.795e-13
221.3 278.7 1160 0.4155 1.177e-12 -0.5736 1.748e-13
223.3 276.7 1162 0.4194 1.167e-12 -0.6018 1.704e-13
225.3 274.7 1164 0.4231 1.157e-12 -0.6293 1.663e-13
227.2 272.8 1166 0.4266 1.147e-12 -0.6561 1.624e-13
229 271 1168 0.43 1.138e-12 -0.682 1.587e-13
230.7 269.3 1170 0.4333 1.13e-12 -0.7071 1.552e-13
232.4 267.6 1171 0.4363 1.121e-12 -0.7314 1.52e-13
233.9 266.1 1173 0.4392 1.114e-12 -0.7547 1.49e-13
235.4 264.6 1174 0.442 1.107e-12 -0.7771 1.462e-13
236.8 263.2 1176 0.4446 1.1e-12 -0.7986 1.435e-13
238.1 261.9 1177 0.4471 1.093e-12 -0.8192 1.41e-13
239.3 260.7 1178 0.4494 1.087e-12 -0.8387 1.387e-13
240.5 259.5 1179 0.4516 1.082e-12 -0.8572 1.366e-13
241.5 258.5 1180 0.4536 1.076e-12 -0.8746 1.346e-13
242.5 257.5 1181 0.4555 1.072e-12 -0.891 1.328e-13
243.5 256.5 1182 0.4572 1.067e-12 -0.9063 1.312e-13
244.3 255.7 1183 0.4588 1.063e-12 -0.9205 1.296e-13
245.1 254.9 1184 0.4603 1.059e-12 -0.9336 1.283e-13
245.8 254.2 1185 0.4616 1.056e-12 -0.9455 1.27e-13
246.5 253.5 1185 0.4628 1.053e-12 -0.9563 1.259e-13
247 253 1186 0.4639 1.05e-12 -0.9659 1.249e-13
247.5 252.5 1186 0.4648 1.048e-12 -0.9744 1.241e-13
247.9 252.1 1187 0.4656 1.046e-12 -0.9816 1.234e-13
248.3 251.7 1187 0.4662 1.044e-12 -0.9877 1.228e-13
248.6 251.4 1187 0.4667 1.043e-12 -0.9925 1.223e-13
248.8 251.2 1188 0.4671 1.042e-12 -0.9962 1.219e-13
248.9 251.1 1188 0.4674 1.041e-12 -0.9986 1.217e-13
249 251 1188 0.4675 1.041e-12 -0.9998 1.216e-13
