1 nan 1.854e-06
26 nan 0.001761
51 nan 0.01039
76 31.14 0.03686
101 68.95 0.104
126 98.48 0.2548
151 125.8 0.5562
176 152.2 1.091
201 178.1 1.91
226 203.7 2.904
251 229.1 3.74
276 254.5 4.126
301 279.7 3.988
326 304.9 3.442
351 330.1 2.658
376 355.2 1.825
401 380.3 1.101
426 405.4 0.5838
451 430.4 0.2727
476 455.5 0.1208
501 480.5 0.05525
526 505.6 0.0259
551 530.6 0.01193
576 555.7 0.005254
601 580.7 0.002186
626 605.7 0.0008362
651 630.7 0.0002806
676 655.7 7.312e-05
701 680.8 1.089e-05
726 705.8 6.121e-07
