1 nan 1.805e-06
26 nan 0.0008388
51 nan 0.002552
76 31.14 0.006019
101 68.95 0.008103
126 98.48 0.01398
151 125.8 0.02464
176 152.2 0.03597
201 178.1 0.08135
226 203.7 0.1547
251 229.1 0.2038
276 254.5 0.32
301 279.7 0.4953
326 304.9 0.6711
351 330.1 1.006
376 355.2 1.297
401 380.3 1.815
426 405.4 2.385
451 430.4 3.048
476 455.5 3.71
501 480.5 4.624
526 505.6 5.181
551 530.6 5.914
576 555.7 6.357
601 580.7 7.072
626 605.7 7.302
651 630.7 7.746
676 655.7 7.732
701 680.8 7.888
726 705.8 7.571
751 730.8 7.311
776 755.8 6.759
801 780.8 6.33
826 805.8 5.781
851 830.8 5.34
876 855.9 4.864
901 880.9 4.526
926 905.9 4.233
951 930.9 3.968
976 955.9 3.743
1001 980.9 3.536
1026 1006 3.384
1051 1031 3.23
1076 1056 3.134
1101 1081 3.015
1126 1106 2.957
1151 1131 2.866
1176 1156 2.809
1201 1181 2.732
1226 1206 2.683
1251 1231 2.628
1276 1256 2.589
1301 1281 2.546
1326 1306 2.527
1351 1331 2.478
1376 1356 2.441
1401 1381 2.374
1426 1406 2.332
1451 1431 2.268
1476 1456 2.223
1501 1481 2.168
1526 1506 2.135
1551 1531 2.078
1576 1556 2.044
1601 1581 1.997
1626 1606 1.971
1651 1631 1.937
1676 1656 1.907
1701 1681 1.871
1726 1706 1.841
1751 1731 1.807
1776 1756 1.77
1801 1781 1.726
1826 1806 1.691
1851 1831 1.656
1876 1856 1.624
1901 1881 1.599
1926 1906 1.566
1951 1931 1.534
1976 1956 1.499
