1 nan 1.805e-06
26 nan 0.0008403
51 nan 0.002571
76 31.14 0.006031
101 68.95 0.008323
126 98.48 0.01402
151 125.8 0.0248
176 152.2 0.03984
201 178.1 0.08591
226 203.7 0.1579
251 229.1 0.2141
276 254.5 0.3298
301 279.7 0.5144
326 304.9 0.6821
351 330.1 1.029
376 355.2 1.378
401 380.3 1.829
426 405.4 2.474
451 430.4 3.185
476 455.5 3.81
501 480.5 4.719
526 505.6 5.372
551 530.6 6.139
576 555.7 6.511
601 580.7 7.206
626 605.7 7.518
651 630.7 7.979
676 655.7 7.967
701 680.8 8.018
726 705.8 7.685
751 730.8 7.441
776 755.8 6.904
801 780.8 6.463
826 805.8 5.874
851 830.8 5.408
876 855.9 4.919
901 880.9 4.573
926 905.9 4.272
951 930.9 4.01
976 955.9 3.786
1001 980.9 3.576
1026 1006 3.421
1051 1031 3.257
1076 1056 3.158
1101 1081 3.035
1126 1106 2.965
1151 1131 2.874
1176 1156 2.806
1201 1181 2.733
1226 1206 2.679
1251 1231 2.619
1276 1256 2.579
1301 1281 2.533
1326 1306 2.511
1351 1331 2.451
1376 1356 2.407
1401 1381 2.342
1426 1406 2.292
1451 1431 2.229
1476 1456 2.178
1501 1481 2.121
1526 1506 2.081
1551 1531 2.021
1576 1556 1.986
1601 1581 1.942
1626 1606 1.911
1651 1631 1.872
1676 1656 1.837
1701 1681 1.806
1726 1706 1.77
1751 1731 1.733
1776 1756 1.697
1801 1781 1.656
1826 1806 1.619
1851 1831 1.585
1876 1856 1.555
1901 1881 1.527
1926 1906 1.492
1951 1931 1.458
1976 1956 1.425
