1 nan 1.806e-06
26 nan 0.000846
51 nan 0.002698
76 31.14 0.005899
101 68.95 0.0104
126 98.48 0.01723
151 125.8 0.03343
176 152.2 0.06039
201 178.1 0.1085
226 203.7 0.1819
251 229.1 0.2678
276 254.5 0.4488
301 279.7 0.6409
326 304.9 0.9396
351 330.1 1.299
376 355.2 1.847
401 380.3 2.375
426 405.4 3.17
451 430.4 3.991
476 455.5 4.994
501 480.5 5.878
526 505.6 6.744
551 530.6 7.512
576 555.7 8.074
601 580.7 8.689
626 605.7 9
651 630.7 9.324
676 655.7 9.254
701 680.8 9.148
726 705.8 8.659
751 730.8 8.205
776 755.8 7.506
801 780.8 6.899
826 805.8 6.248
851 830.8 5.674
876 855.9 5.193
901 880.9 4.752
926 905.9 4.427
951 930.9 4.102
976 955.9 3.833
1001 980.9 3.591
1026 1006 3.398
1051 1031 3.218
1076 1056 3.085
1101 1081 2.934
1126 1106 2.825
1151 1131 2.706
1176 1156 2.608
1201 1181 2.509
1226 1206 2.431
1251 1231 2.34
1276 1256 2.265
1301 1281 2.188
1326 1306 2.114
1351 1331 2.034
1376 1356 1.954
1401 1381 1.879
1426 1406 1.809
1451 1431 1.742
1476 1456 1.681
1501 1481 1.624
1526 1506 1.574
1551 1531 1.525
1576 1556 1.483
1601 1581 1.439
1626 1606 1.4
1651 1631 1.358
1676 1656 1.318
1701 1681 1.278
1726 1706 1.242
1751 1731 1.201
1776 1756 1.166
1801 1781 1.128
1826 1806 1.092
1851 1831 1.057
1876 1856 1.02
1901 1881 0.985
1926 1906 0.9532
1951 1931 0.9222
1976 1956 0.89
