1 nan 1.806e-06
26 nan 0.0008507
51 nan 0.002863
76 31.14 0.006018
101 68.95 0.0115
126 98.48 0.02041
151 125.8 0.03892
176 152.2 0.06794
201 178.1 0.1299
226 203.7 0.2013
251 229.1 0.3353
276 254.5 0.4963
301 279.7 0.7463
326 304.9 1.1
351 330.1 1.518
376 355.2 2.129
401 380.3 2.761
426 405.4 3.692
451 430.4 4.582
476 455.5 5.678
501 480.5 6.635
526 505.6 7.547
551 530.6 8.341
576 555.7 8.931
601 580.7 9.528
626 605.7 9.778
651 630.7 10.04
676 655.7 9.841
701 680.8 9.605
726 705.8 8.993
751 730.8 8.361
776 755.8 7.616
801 780.8 6.885
826 805.8 6.212
851 830.8 5.605
876 855.9 5.079
901 880.9 4.637
926 905.9 4.263
951 930.9 3.922
976 955.9 3.649
1001 980.9 3.388
1026 1006 3.177
1051 1031 2.985
1076 1056 2.828
1101 1081 2.665
1126 1106 2.534
1151 1131 2.406
1176 1156 2.29
1201 1181 2.192
1226 1206 2.096
1251 1231 2.007
1276 1256 1.921
1301 1281 1.843
1326 1306 1.762
1351 1331 1.684
1376 1356 1.609
1401 1381 1.538
1426 1406 1.471
1451 1431 1.41
1476 1456 1.358
1501 1481 1.305
1526 1506 1.256
1551 1531 1.212
1576 1556 1.17
1601 1581 1.127
1626 1606 1.085
1651 1631 1.049
1676 1656 1.009
1701 1681 0.9702
1726 1706 0.9321
1751 1731 0.8967
1776 1756 0.8602
1801 1781 0.8255
1826 1806 0.7924
1851 1831 0.76
1876 1856 0.7295
1901 1881 0.7003
1926 1906 0.6719
1951 1931 0.643
1976 1956 0.6157
