1 nan 1.806e-06
26 nan 0.0008522
51 nan 0.00292
76 31.14 0.006211
101 68.95 0.01197
126 98.48 0.0217
151 125.8 0.04087
176 152.2 0.06986
201 178.1 0.136
226 203.7 0.2071
251 229.1 0.3548
276 254.5 0.5327
301 279.7 0.7932
326 304.9 1.141
351 330.1 1.603
376 355.2 2.249
401 380.3 2.949
426 405.4 3.924
451 430.4 4.87
476 455.5 5.987
501 480.5 6.958
526 505.6 7.89
551 530.6 8.669
576 555.7 9.269
601 580.7 9.832
626 605.7 10.06
651 630.7 10.26
676 655.7 10
701 680.8 9.679
726 705.8 9.041
751 730.8 8.354
776 755.8 7.599
801 780.8 6.828
826 805.8 6.134
851 830.8 5.519
876 855.9 4.98
901 880.9 4.527
926 905.9 4.161
951 930.9 3.807
976 955.9 3.52
1001 980.9 3.262
1026 1006 3.051
1051 1031 2.846
1076 1056 2.686
1101 1081 2.526
1126 1106 2.385
1151 1131 2.264
1176 1156 2.155
1201 1181 2.056
1226 1206 1.956
1251 1231 1.869
1276 1256 1.786
1301 1281 1.707
1326 1306 1.628
1351 1331 1.549
1376 1356 1.477
1401 1381 1.407
1426 1406 1.343
1451 1431 1.288
1476 1456 1.237
1501 1481 1.186
1526 1506 1.14
1551 1531 1.094
1576 1556 1.054
1601 1581 1.012
1626 1606 0.9724
1651 1631 0.9332
1676 1656 0.897
1701 1681 0.8589
1726 1706 0.8225
1751 1731 0.7884
1776 1756 0.7534
1801 1781 0.7206
1826 1806 0.6889
1851 1831 0.6593
1876 1856 0.6312
1901 1881 0.6019
1926 1906 0.5759
1951 1931 0.5504
1976 1956 0.5293
