1 nan 1.807e-06
26 nan 0.0008603
51 nan 0.003193
76 31.14 0.007017
101 68.95 0.01339
126 98.48 0.02535
151 125.8 0.05084
176 152.2 0.09565
201 178.1 0.1617
226 203.7 0.2711
251 229.1 0.4491
276 254.5 0.6743
301 279.7 1.025
326 304.9 1.448
351 330.1 2.04
376 355.2 2.794
401 380.3 3.695
426 405.4 4.808
451 430.4 5.922
476 455.5 7.125
501 480.5 8.172
526 505.6 9.109
551 530.6 9.889
576 555.7 10.34
601 580.7 10.8
626 605.7 10.81
651 630.7 10.68
676 655.7 10.2
701 680.8 9.545
726 705.8 8.693
751 730.8 7.826
776 755.8 6.939
801 780.8 6.111
826 805.8 5.384
851 830.8 4.756
876 855.9 4.22
901 880.9 3.75
926 905.9 3.36
951 930.9 3.036
976 955.9 2.758
1001 980.9 2.528
1026 1006 2.33
1051 1031 2.161
1076 1056 2.009
1101 1081 1.879
1126 1106 1.76
1151 1131 1.653
1176 1156 1.554
1201 1181 1.461
1226 1206 1.377
1251 1231 1.296
1276 1256 1.219
1301 1281 1.144
1326 1306 1.079
1351 1331 1.017
1376 1356 0.9579
1401 1381 0.9049
1426 1406 0.8561
1451 1431 0.8088
1476 1456 0.7666
1501 1481 0.7267
1526 1506 0.6879
1551 1531 0.6518
1576 1556 0.6168
1601 1581 0.5817
1626 1606 0.5487
1651 1631 0.5176
1676 1656 0.4879
1701 1681 0.4594
1726 1706 0.4334
1751 1731 0.4083
1776 1756 0.3854
1801 1781 0.3637
1826 1806 0.3429
1851 1831 0.3235
1876 1856 0.3054
1901 1881 0.2888
1926 1906 0.2736
1951 1931 0.259
1976 1956 0.2456
