1 nan 1.807e-06
26 nan 0.0009006
51 nan 0.003403
76 31.14 0.007806
101 68.95 0.01702
126 98.48 0.03341
151 125.8 0.065
176 152.2 0.1159
201 178.1 0.2033
226 203.7 0.3469
251 229.1 0.5554
276 254.5 0.8512
301 279.7 1.278
326 304.9 1.825
351 330.1 2.568
376 355.2 3.486
401 380.3 4.542
426 405.4 5.843
451 430.4 7.061
476 455.5 8.286
501 480.5 9.329
526 505.6 10.11
551 530.6 10.7
576 555.7 11
601 580.7 11.04
626 605.7 10.69
651 630.7 10.16
676 655.7 9.336
701 680.8 8.39
726 705.8 7.348
751 730.8 6.366
776 755.8 5.439
801 780.8 4.655
826 805.8 3.993
851 830.8 3.457
876 855.9 3.021
901 880.9 2.664
926 905.9 2.368
951 930.9 2.122
976 955.9 1.914
1001 980.9 1.739
1026 1006 1.591
1051 1031 1.459
1076 1056 1.344
1101 1081 1.24
1126 1106 1.141
1151 1131 1.056
1176 1156 0.9752
1201 1181 0.9025
1226 1206 0.8347
1251 1231 0.77
1276 1256 0.7132
1301 1281 0.6595
1326 1306 0.6121
1351 1331 0.5683
1376 1356 0.528
1401 1381 0.4904
1426 1406 0.4555
1451 1431 0.4224
1476 1456 0.3917
1501 1481 0.3632
1526 1506 0.336
1551 1531 0.3108
1576 1556 0.2876
1601 1581 0.2663
1626 1606 0.2465
1651 1631 0.2279
1676 1656 0.2108
1701 1681 0.1958
1726 1706 0.1811
1751 1731 0.1679
1776 1756 0.1559
1801 1781 0.1451
1826 1806 0.1351
1851 1831 0.1258
1876 1856 0.1172
1901 1881 0.109
1926 1906 0.1012
1951 1931 0.09438
1976 1956 0.08815
