1 nan 1.807e-06
26 nan 0.0009216
51 nan 0.003488
76 31.14 0.008112
101 68.95 0.01828
126 98.48 0.03676
151 125.8 0.06987
176 152.2 0.126
201 178.1 0.2283
226 203.7 0.3915
251 229.1 0.6195
276 254.5 0.9472
301 279.7 1.413
326 304.9 2.008
351 330.1 2.821
376 355.2 3.807
401 380.3 4.961
426 405.4 6.272
451 430.4 7.537
476 455.5 8.703
501 480.5 9.704
526 505.6 10.4
551 530.6 10.85
576 555.7 10.97
601 580.7 10.84
626 605.7 10.31
651 630.7 9.581
676 655.7 8.602
701 680.8 7.572
726 705.8 6.491
751 730.8 5.524
776 755.8 4.676
801 780.8 3.965
826 805.8 3.382
851 830.8 2.915
876 855.9 2.538
901 880.9 2.23
926 905.9 1.978
951 930.9 1.77
976 955.9 1.592
1001 980.9 1.439
1026 1006 1.308
1051 1031 1.192
1076 1056 1.088
1101 1081 0.9948
1126 1106 0.9105
1151 1131 0.8337
1176 1156 0.764
1201 1181 0.7019
1226 1206 0.6417
1251 1231 0.5892
1276 1256 0.5404
1301 1281 0.4964
1326 1306 0.4566
1351 1331 0.4204
1376 1356 0.3858
1401 1381 0.3553
1426 1406 0.3264
1451 1431 0.2993
1476 1456 0.2745
1501 1481 0.252
1526 1506 0.231
1551 1531 0.211
1576 1556 0.1938
1601 1581 0.1779
1626 1606 0.1634
1651 1631 0.1499
1676 1656 0.1374
1701 1681 0.1266
1726 1706 0.1168
1751 1731 0.1077
1776 1756 0.0993
1801 1781 0.09167
1826 1806 0.0843
1851 1831 0.07778
1876 1856 0.07199
1901 1881 0.06649
1926 1906 0.06124
1951 1931 0.0564
1976 1956 0.05192
