1 nan 1.812e-06
26 nan 0.0009565
51 nan 0.003627
76 31.14 0.008539
101 68.95 0.01961
126 98.48 0.04123
151 125.8 0.0813
176 152.2 0.1509
201 178.1 0.2723
226 203.7 0.4626
251 229.1 0.7349
276 254.5 1.12
301 279.7 1.676
326 304.9 2.372
351 330.1 3.301
376 355.2 4.424
401 380.3 5.672
426 405.4 7.028
451 430.4 8.274
476 455.5 9.327
501 480.5 10.12
526 505.6 10.58
551 530.6 10.73
576 555.7 10.48
601 580.7 9.951
626 605.7 9.065
651 630.7 8.047
676 655.7 6.956
701 680.8 5.89
726 705.8 4.925
751 730.8 4.088
776 755.8 3.405
801 780.8 2.854
826 805.8 2.417
851 830.8 2.07
876 855.9 1.787
901 880.9 1.563
926 905.9 1.373
951 930.9 1.217
976 955.9 1.084
1001 980.9 0.9684
1026 1006 0.8668
1051 1031 0.7786
1076 1056 0.7001
1101 1081 0.6294
1126 1106 0.5671
1151 1131 0.5107
1176 1156 0.4594
1201 1181 0.4144
1226 1206 0.3729
1251 1231 0.336
1276 1256 0.303
1301 1281 0.2736
1326 1306 0.2469
1351 1331 0.223
1376 1356 0.2006
1401 1381 0.1805
1426 1406 0.1624
1451 1431 0.1461
1476 1456 0.132
1501 1481 0.1187
1526 1506 0.1068
1551 1531 0.09637
1576 1556 0.08686
1601 1581 0.07861
1626 1606 0.07107
1651 1631 0.06434
1676 1656 0.05817
1701 1681 0.05286
1726 1706 0.04786
1751 1731 0.04325
1776 1756 0.03909
1801 1781 0.03528
1826 1806 0.03185
1851 1831 0.02878
1876 1856 0.02597
1901 1881 0.02335
1926 1906 0.02098
1951 1931 0.01876
1976 1956 0.0167
