1 nan 1.816e-06
26 nan 0.000993
51 nan 0.003762
76 31.14 0.00982
101 68.95 0.02209
126 98.48 0.04721
151 125.8 0.09357
176 152.2 0.1747
201 178.1 0.3162
226 203.7 0.5357
251 229.1 0.8514
276 254.5 1.305
301 279.7 1.924
326 304.9 2.737
351 330.1 3.762
376 355.2 4.996
401 380.3 6.293
426 405.4 7.61
451 430.4 8.735
476 455.5 9.631
501 480.5 10.18
526 505.6 10.34
551 530.6 10.13
576 555.7 9.487
601 580.7 8.622
626 605.7 7.582
651 630.7 6.484
676 655.7 5.429
701 680.8 4.472
726 705.8 3.656
751 730.8 2.988
776 755.8 2.455
801 780.8 2.038
826 805.8 1.713
851 830.8 1.458
876 855.9 1.249
901 880.9 1.082
926 905.9 0.9425
951 930.9 0.826
976 955.9 0.7257
1001 980.9 0.6391
1026 1006 0.5639
1051 1031 0.4989
1076 1056 0.4409
1101 1081 0.3895
1126 1106 0.3439
1151 1131 0.3041
1176 1156 0.2685
1201 1181 0.2382
1226 1206 0.2103
1251 1231 0.1865
1276 1256 0.165
1301 1281 0.146
1326 1306 0.1289
1351 1331 0.1139
1376 1356 0.1005
1401 1381 0.08887
1426 1406 0.07857
1451 1431 0.06965
1476 1456 0.06159
1501 1481 0.05462
1526 1506 0.04839
1551 1531 0.04292
1576 1556 0.03814
1601 1581 0.03389
1626 1606 0.03006
1651 1631 0.02655
1676 1656 0.02341
1701 1681 0.02071
1726 1706 0.01829
1751 1731 0.01609
1776 1756 0.01415
1801 1781 0.01233
1826 1806 0.01073
1851 1831 0.009342
1876 1856 0.008104
1901 1881 0.006996
1926 1906 0.006042
1951 1931 0.005173
1976 1956 0.004399
