1 nan 1.823e-06
26 nan 0.001025
51 nan 0.003903
76 31.14 0.01078
101 68.95 0.02451
126 98.48 0.05214
151 125.8 0.1044
176 152.2 0.1975
201 178.1 0.3594
226 203.7 0.6076
251 229.1 0.9692
276 254.5 1.476
301 279.7 2.183
326 304.9 3.078
351 330.1 4.184
376 355.2 5.476
401 380.3 6.792
426 405.4 8.031
451 430.4 9.004
476 455.5 9.658
501 480.5 9.91
526 505.6 9.715
551 530.6 9.156
576 555.7 8.298
601 580.7 7.279
626 605.7 6.206
651 630.7 5.151
676 655.7 4.189
701 680.8 3.368
726 705.8 2.705
751 730.8 2.176
776 755.8 1.773
801 780.8 1.462
826 805.8 1.221
851 830.8 1.029
876 855.9 0.875
901 880.9 0.7495
926 905.9 0.6457
951 930.9 0.5581
976 955.9 0.483
1001 980.9 0.42
1026 1006 0.3634
1051 1031 0.316
1076 1056 0.274
1101 1081 0.2374
1126 1106 0.2061
1151 1131 0.1789
1176 1156 0.1555
1201 1181 0.1351
1226 1206 0.117
1251 1231 0.1016
1276 1256 0.08816
1301 1281 0.0765
1326 1306 0.06629
1351 1331 0.05755
1376 1356 0.04999
1401 1381 0.04344
1426 1406 0.03771
1451 1431 0.03276
1476 1456 0.02855
1501 1481 0.02479
1526 1506 0.02148
1551 1531 0.01856
1576 1556 0.01601
1601 1581 0.01382
1626 1606 0.0119
1651 1631 0.01023
1676 1656 0.008728
1701 1681 0.007416
1726 1706 0.006258
1751 1731 0.005288
1776 1756 0.004452
1801 1781 0.003725
1826 1806 0.00308
1851 1831 0.002544
1876 1856 0.002091
1901 1881 0.001701
1926 1906 0.001372
1951 1931 0.001113
1976 1956 0.0008864
