1 nan 1.826e-06
26 nan 0.00106
51 nan 0.004226
76 31.14 0.01161
101 68.95 0.02651
126 98.48 0.05897
151 125.8 0.1191
176 152.2 0.2257
201 178.1 0.4061
226 203.7 0.6873
251 229.1 1.097
276 254.5 1.665
301 279.7 2.446
326 304.9 3.428
351 330.1 4.613
376 355.2 5.922
401 380.3 7.174
426 405.4 8.295
451 430.4 9.064
476 455.5 9.436
501 480.5 9.344
526 505.6 8.844
551 530.6 8.024
576 555.7 7.026
601 580.7 5.956
626 605.7 4.913
651 630.7 3.944
676 655.7 3.125
701 680.8 2.458
726 705.8 1.939
751 730.8 1.545
776 755.8 1.247
801 780.8 1.022
826 805.8 0.8444
851 830.8 0.7048
876 855.9 0.5936
901 880.9 0.5017
926 905.9 0.4257
951 930.9 0.3617
976 955.9 0.3075
1001 980.9 0.2617
1026 1006 0.2228
1051 1031 0.1894
1076 1056 0.161
1101 1081 0.1367
1126 1106 0.1165
1151 1131 0.09922
1176 1156 0.08441
1201 1181 0.07181
1226 1206 0.061
1251 1231 0.05186
1276 1256 0.04395
1301 1281 0.03736
1326 1306 0.03172
1351 1331 0.02692
1376 1356 0.02285
1401 1381 0.01945
1426 1406 0.01647
1451 1431 0.01391
1476 1456 0.01173
1501 1481 0.009823
1526 1506 0.008228
1551 1531 0.006876
1576 1556 0.005707
1601 1581 0.004689
1626 1606 0.003846
1651 1631 0.003135
1676 1656 0.002543
1701 1681 0.002048
1726 1706 0.001628
1751 1731 0.001276
1776 1756 0.001002
1801 1781 0.0007794
1826 1806 0.0005955
1851 1831 0.0004517
1876 1856 0.0003416
1901 1881 0.0002573
1926 1906 0.0001897
1951 1931 0.0001392
1976 1956 0.0001023
