1 nan 1.83e-06
26 nan 0.001116
51 nan 0.004744
76 31.14 0.01354
101 68.95 0.03221
126 98.48 0.07158
151 125.8 0.1462
176 152.2 0.2784
201 178.1 0.5032
226 203.7 0.848
251 229.1 1.344
276 254.5 2.037
301 279.7 2.954
326 304.9 4.087
351 330.1 5.344
376 355.2 6.601
401 380.3 7.636
426 405.4 8.36
451 430.4 8.591
476 455.5 8.376
501 480.5 7.763
526 505.6 6.878
551 530.6 5.854
576 555.7 4.797
601 580.7 3.809
626 605.7 2.95
651 630.7 2.239
676 655.7 1.695
701 680.8 1.292
726 705.8 0.9974
751 730.8 0.7806
776 755.8 0.6185
801 780.8 0.4973
826 805.8 0.4025
851 830.8 0.3272
876 855.9 0.2669
901 880.9 0.2179
926 905.9 0.1784
951 930.9 0.1455
976 955.9 0.1188
1001 980.9 0.09693
1026 1006 0.07919
1051 1031 0.06477
1076 1056 0.05278
1101 1081 0.04307
1126 1106 0.03502
1151 1131 0.02841
1176 1156 0.02299
1201 1181 0.01865
1226 1206 0.01511
1251 1231 0.01219
1276 1256 0.009834
1301 1281 0.007886
1326 1306 0.006299
1351 1331 0.004997
1376 1356 0.003939
1401 1381 0.003087
1426 1406 0.002393
1451 1431 0.001835
1476 1456 0.001391
1501 1481 0.001039
1526 1506 0.000763
1551 1531 0.0005524
1576 1556 0.0003942
1601 1581 0.0002767
1626 1606 0.0001915
1651 1631 0.0001291
1676 1656 8.547e-05
1701 1681 5.558e-05
1726 1706 3.589e-05
1751 1731 2.26e-05
1776 1756 1.424e-05
1801 1781 8.401e-06
1826 1806 4.711e-06
1851 1831 2.574e-06
1876 1856 1.271e-06
1901 1881 5.309e-07
1926 1906 1.485e-07
1951 1931 2.891e-08
