1 nan 1.833e-06
26 nan 0.001211
51 nan 0.005614
76 31.14 0.01738
101 68.95 0.04269
126 98.48 0.09774
151 125.8 0.2025
176 152.2 0.3911
201 178.1 0.7058
226 203.7 1.183
251 229.1 1.865
276 254.5 2.775
301 279.7 3.903
326 304.9 5.1
351 330.1 6.179
376 355.2 6.95
401 380.3 7.247
426 405.4 7.065
451 430.4 6.449
476 455.5 5.571
501 480.5 4.561
526 505.6 3.561
551 530.6 2.668
576 555.7 1.923
601 580.7 1.357
626 605.7 0.9475
651 630.7 0.6669
676 655.7 0.4784
701 680.8 0.3496
726 705.8 0.2589
751 730.8 0.1937
776 755.8 0.1453
801 780.8 0.1095
826 805.8 0.08223
851 830.8 0.06169
876 855.9 0.04613
901 880.9 0.03439
926 905.9 0.02568
951 930.9 0.019
976 955.9 0.014
1001 980.9 0.01025
1026 1006 0.007492
1051 1031 0.005418
1076 1056 0.003925
1101 1081 0.002803
1126 1106 0.001968
1151 1131 0.001362
1176 1156 0.0009153
1201 1181 0.0006013
1226 1206 0.0003855
1251 1231 0.0002339
1276 1256 0.0001366
1301 1281 7.514e-05
1326 1306 3.965e-05
1351 1331 1.958e-05
1376 1356 9.422e-06
1401 1381 4.093e-06
1426 1406 1.587e-06
1451 1431 5.017e-07
1476 1456 8.643e-08
