1 nan 1.8e-06
26 nan 0.0008244
51 nan 0.002481
76 31.14 0.005564
101 68.95 0.006522
126 98.48 0.01553
151 125.8 0.0279
176 152.2 0.04259
201 178.1 0.05805
226 203.7 0.06407
251 229.1 0.08709
276 254.5 0.2096
301 279.7 0.1868
326 304.9 0.46
351 330.1 0.421
376 355.2 0.7392
401 380.3 0.8059
426 405.4 1.24
451 430.4 1.44
476 455.5 1.964
501 480.5 2.175
526 505.6 2.748
551 530.6 2.874
576 555.7 3.392
601 580.7 3.719
626 605.7 3.864
651 630.7 4.323
676 655.7 4.161
701 680.8 4.569
726 705.8 4.366
751 730.8 4.323
776 755.8 4.254
801 780.8 3.767
826 805.8 3.786
851 830.8 3.338
876 855.9 3.216
901 880.9 2.885
926 905.9 2.78
951 930.9 2.577
976 955.9 2.544
1001 980.9 2.293
1026 1006 2.324
1051 1031 2.165
1076 1056 2.153
1101 1081 2.055
1126 1106 2.054
1151 1131 1.987
1176 1156 2.015
1201 1181 1.938
1226 1206 1.982
1251 1231 1.928
1276 1256 1.918
1301 1281 1.902
1326 1306 1.958
1351 1331 1.922
1376 1356 1.968
1401 1381 1.949
1426 1406 1.974
1451 1431 1.949
1476 1456 1.935
1501 1481 1.899
1526 1506 1.956
1551 1531 1.93
1576 1556 1.916
1601 1581 1.911
1626 1606 1.945
1651 1631 1.918
1676 1656 1.947
1701 1681 1.938
1726 1706 1.971
1751 1731 1.981
1776 1756 2.029
1801 1781 2.02
1826 1806 2.04
1851 1831 2.014
1876 1856 2.034
1901 1881 2.025
1926 1906 2.064
1951 1931 2.038
1976 1956 2.032
