1 nan 1.801e-06
26 nan 0.0008297
51 nan 0.002485
76 31.14 0.00561
101 68.95 0.00649
126 98.48 0.01503
151 125.8 0.0295
176 152.2 0.0418
201 178.1 0.05585
226 203.7 0.06249
251 229.1 0.1378
276 254.5 0.1974
301 279.7 0.1847
326 304.9 0.5163
351 330.1 0.3882
376 355.2 0.9184
401 380.3 0.7337
426 405.4 1.499
451 430.4 1.485
476 455.5 2.275
501 480.5 2.489
526 505.6 3.049
551 530.6 3.471
576 555.7 3.638
601 580.7 4.175
626 605.7 4.406
651 630.7 4.684
676 655.7 4.991
701 680.8 4.766
726 705.8 5.092
751 730.8 4.732
776 755.8 4.628
801 780.8 4.285
826 805.8 4.072
851 830.8 3.676
876 855.9 3.506
901 880.9 3.115
926 905.9 3.049
951 930.9 2.833
976 955.9 2.701
1001 980.9 2.558
1026 1006 2.502
1051 1031 2.343
1076 1056 2.337
1101 1081 2.247
1126 1106 2.214
1151 1131 2.18
1176 1156 2.177
1201 1181 2.113
1226 1206 2.143
1251 1231 2.098
1276 1256 2.076
1301 1281 2.063
1326 1306 2.111
1351 1331 2.089
1376 1356 2.112
1401 1381 2.1
1426 1406 2.124
1451 1431 2.074
1476 1456 2.07
1501 1481 2.049
1526 1506 2.074
1551 1531 2.049
1576 1556 2.052
1601 1581 2.031
1626 1606 2.051
1651 1631 2.039
1676 1656 2.056
1701 1681 2.04
1726 1706 2.085
1751 1731 2.092
1776 1756 2.126
1801 1781 2.108
1826 1806 2.124
1851 1831 2.099
1876 1856 2.11
1901 1881 2.102
1926 1906 2.119
1951 1931 2.1
1976 1956 2.09
